2021-07-26 16:52:22,300 ERROR c.d.c.JwtConfig:72 [http-nio-8080-exec-9] Expired JWT token -> Message: JWT expired at 2021-07-25T02:02:10Z. Current time: 2021-07-26T16:52:22Z, a difference of 139812294 milliseconds.  Allowed clock skew: 0 milliseconds.
2021-07-26 16:52:22,300 ERROR c.d.c.JwtConfig:72 [http-nio-8080-exec-7] Expired JWT token -> Message: JWT expired at 2021-07-25T02:02:10Z. Current time: 2021-07-26T16:52:22Z, a difference of 139812294 milliseconds.  Allowed clock skew: 0 milliseconds.
2021-07-26 16:52:22,300 ERROR c.d.c.JwtConfig:72 [http-nio-8080-exec-6] Expired JWT token -> Message: JWT expired at 2021-07-25T02:02:10Z. Current time: 2021-07-26T16:52:22Z, a difference of 139812294 milliseconds.  Allowed clock skew: 0 milliseconds.
2021-07-26 16:52:22,300 ERROR c.d.c.JwtConfig:72 [http-nio-8080-exec-8] Expired JWT token -> Message: JWT expired at 2021-07-25T02:02:10Z. Current time: 2021-07-26T16:52:22Z, a difference of 139812294 milliseconds.  Allowed clock skew: 0 milliseconds.
2021-07-26 16:52:22,912 ERROR c.d.c.JwtConfig:72 [http-nio-8080-exec-10] Expired JWT token -> Message: JWT expired at 2021-07-25T02:02:10Z. Current time: 2021-07-26T16:52:22Z, a difference of 139812912 milliseconds.  Allowed clock skew: 0 milliseconds.
2021-07-26 17:24:58,056 ERROR o.a.j.l.DirectJDKLog:175 [http-nio-8080-exec-5] Servlet.service() for servlet [dispatcherServlet] in context with path [/datn] threw exception [Request processing failed; nested exception is java.lang.NullPointerException: Cannot invoke "String.toLowerCase()" because the return value of "com.datn.dto.OderDTO.getCode()" is null] with root cause
java.lang.NullPointerException: Cannot invoke "String.toLowerCase()" because the return value of "com.datn.dto.OderDTO.getCode()" is null
	at com.datn.service.OderServiceImpl.search(OderServiceImpl.java:169)
	at com.datn.service.OderServiceImpl$$FastClassBySpringCGLIB$$15398e90.invoke(<generated>)
	at org.springframework.cglib.proxy.MethodProxy.invoke(MethodProxy.java:218)
	at org.springframework.aop.framework.CglibAopProxy$DynamicAdvisedInterceptor.intercept(CglibAopProxy.java:688)
	at com.datn.service.OderServiceImpl$$EnhancerBySpringCGLIB$$c49b78e4.search(<generated>)
	at com.datn.controller.OderController.search(OderController.java:85)
	at java.base/jdk.internal.reflect.NativeMethodAccessorImpl.invoke0(Native Method)
	at java.base/jdk.internal.reflect.NativeMethodAccessorImpl.invoke(NativeMethodAccessorImpl.java:78)
	at java.base/jdk.internal.reflect.DelegatingMethodAccessorImpl.invoke(DelegatingMethodAccessorImpl.java:43)
	at java.base/java.lang.reflect.Method.invoke(Method.java:567)
	at org.springframework.web.method.support.InvocableHandlerMethod.doInvoke(InvocableHandlerMethod.java:197)
	at org.springframework.web.method.support.InvocableHandlerMethod.invokeForRequest(InvocableHandlerMethod.java:141)
	at org.springframework.web.servlet.mvc.method.annotation.ServletInvocableHandlerMethod.invokeAndHandle(ServletInvocableHandlerMethod.java:106)
	at org.springframework.web.servlet.mvc.method.annotation.RequestMappingHandlerAdapter.invokeHandlerMethod(RequestMappingHandlerAdapter.java:894)
	at org.springframework.web.servlet.mvc.method.annotation.RequestMappingHandlerAdapter.handleInternal(RequestMappingHandlerAdapter.java:808)
	at org.springframework.web.servlet.mvc.method.AbstractHandlerMethodAdapter.handle(AbstractHandlerMethodAdapter.java:87)
	at org.springframework.web.servlet.DispatcherServlet.doDispatch(DispatcherServlet.java:1060)
	at org.springframework.web.servlet.DispatcherServlet.doService(DispatcherServlet.java:962)
	at org.springframework.web.servlet.FrameworkServlet.processRequest(FrameworkServlet.java:1006)
	at org.springframework.web.servlet.FrameworkServlet.doPost(FrameworkServlet.java:909)
	at javax.servlet.http.HttpServlet.service(HttpServlet.java:652)
	at org.springframework.web.servlet.FrameworkServlet.service(FrameworkServlet.java:883)
	at javax.servlet.http.HttpServlet.service(HttpServlet.java:733)
	at org.apache.catalina.core.ApplicationFilterChain.internalDoFilter(ApplicationFilterChain.java:227)
	at org.apache.catalina.core.ApplicationFilterChain.doFilter(ApplicationFilterChain.java:162)
	at org.apache.tomcat.websocket.server.WsFilter.doFilter(WsFilter.java:53)
	at org.apache.catalina.core.ApplicationFilterChain.internalDoFilter(ApplicationFilterChain.java:189)
	at org.apache.catalina.core.ApplicationFilterChain.doFilter(ApplicationFilterChain.java:162)
	at org.springframework.web.filter.OncePerRequestFilter.doFilter(OncePerRequestFilter.java:113)
	at org.apache.catalina.core.ApplicationFilterChain.internalDoFilter(ApplicationFilterChain.java:189)
	at org.apache.catalina.core.ApplicationFilterChain.doFilter(ApplicationFilterChain.java:162)
	at org.springframework.security.web.FilterChainProxy$VirtualFilterChain.doFilter(FilterChainProxy.java:327)
	at org.springframework.security.web.access.intercept.FilterSecurityInterceptor.invoke(FilterSecurityInterceptor.java:115)
	at org.springframework.security.web.access.intercept.FilterSecurityInterceptor.doFilter(FilterSecurityInterceptor.java:81)
	at org.springframework.security.web.FilterChainProxy$VirtualFilterChain.doFilter(FilterChainProxy.java:336)
	at org.springframework.security.web.access.ExceptionTranslationFilter.doFilter(ExceptionTranslationFilter.java:119)
	at org.springframework.security.web.access.ExceptionTranslationFilter.doFilter(ExceptionTranslationFilter.java:113)
	at org.springframework.security.web.FilterChainProxy$VirtualFilterChain.doFilter(FilterChainProxy.java:336)
	at org.springframework.security.web.session.SessionManagementFilter.doFilter(SessionManagementFilter.java:126)
	at org.springframework.security.web.session.SessionManagementFilter.doFilter(SessionManagementFilter.java:81)
	at org.springframework.security.web.FilterChainProxy$VirtualFilterChain.doFilter(FilterChainProxy.java:336)
	at org.springframework.security.web.authentication.AnonymousAuthenticationFilter.doFilter(AnonymousAuthenticationFilter.java:105)
	at org.springframework.security.web.FilterChainProxy$VirtualFilterChain.doFilter(FilterChainProxy.java:336)
	at org.springframework.security.web.servletapi.SecurityContextHolderAwareRequestFilter.doFilter(SecurityContextHolderAwareRequestFilter.java:149)
	at org.springframework.security.web.FilterChainProxy$VirtualFilterChain.doFilter(FilterChainProxy.java:336)
	at org.springframework.security.web.savedrequest.RequestCacheAwareFilter.doFilter(RequestCacheAwareFilter.java:63)
	at org.springframework.security.web.FilterChainProxy$VirtualFilterChain.doFilter(FilterChainProxy.java:336)
	at org.springframework.security.web.authentication.www.BasicAuthenticationFilter.doFilterInternal(BasicAuthenticationFilter.java:149)
	at org.springframework.web.filter.OncePerRequestFilter.doFilter(OncePerRequestFilter.java:119)
	at org.springframework.security.web.FilterChainProxy$VirtualFilterChain.doFilter(FilterChainProxy.java:336)
	at com.datn.config.JwtTokenFilter.doFilterInternal(JwtTokenFilter.java:49)
	at org.springframework.web.filter.OncePerRequestFilter.doFilter(OncePerRequestFilter.java:119)
	at org.springframework.security.web.FilterChainProxy$VirtualFilterChain.doFilter(FilterChainProxy.java:336)
	at org.springframework.security.web.authentication.logout.LogoutFilter.doFilter(LogoutFilter.java:103)
	at org.springframework.security.web.authentication.logout.LogoutFilter.doFilter(LogoutFilter.java:89)
	at org.springframework.security.web.FilterChainProxy$VirtualFilterChain.doFilter(FilterChainProxy.java:336)
	at org.springframework.web.filter.CorsFilter.doFilterInternal(CorsFilter.java:91)
	at org.springframework.web.filter.OncePerRequestFilter.doFilter(OncePerRequestFilter.java:119)
	at org.springframework.security.web.FilterChainProxy$VirtualFilterChain.doFilter(FilterChainProxy.java:336)
	at org.springframework.security.web.header.HeaderWriterFilter.doHeadersAfter(HeaderWriterFilter.java:90)
	at org.springframework.security.web.header.HeaderWriterFilter.doFilterInternal(HeaderWriterFilter.java:75)
	at org.springframework.web.filter.OncePerRequestFilter.doFilter(OncePerRequestFilter.java:119)
	at org.springframework.security.web.FilterChainProxy$VirtualFilterChain.doFilter(FilterChainProxy.java:336)
	at org.springframework.security.web.context.SecurityContextPersistenceFilter.doFilter(SecurityContextPersistenceFilter.java:110)
	at org.springframework.security.web.context.SecurityContextPersistenceFilter.doFilter(SecurityContextPersistenceFilter.java:80)
	at org.springframework.security.web.FilterChainProxy$VirtualFilterChain.doFilter(FilterChainProxy.java:336)
	at org.springframework.security.web.context.request.async.WebAsyncManagerIntegrationFilter.doFilterInternal(WebAsyncManagerIntegrationFilter.java:55)
	at org.springframework.web.filter.OncePerRequestFilter.doFilter(OncePerRequestFilter.java:119)
	at org.springframework.security.web.FilterChainProxy$VirtualFilterChain.doFilter(FilterChainProxy.java:336)
	at org.springframework.security.web.FilterChainProxy.doFilterInternal(FilterChainProxy.java:211)
	at org.springframework.security.web.FilterChainProxy.doFilter(FilterChainProxy.java:183)
	at org.springframework.web.filter.DelegatingFilterProxy.invokeDelegate(DelegatingFilterProxy.java:358)
	at org.springframework.web.filter.DelegatingFilterProxy.doFilter(DelegatingFilterProxy.java:271)
	at org.apache.catalina.core.ApplicationFilterChain.internalDoFilter(ApplicationFilterChain.java:189)
	at org.apache.catalina.core.ApplicationFilterChain.doFilter(ApplicationFilterChain.java:162)
	at org.springframework.web.filter.RequestContextFilter.doFilterInternal(RequestContextFilter.java:100)
	at org.springframework.web.filter.OncePerRequestFilter.doFilter(OncePerRequestFilter.java:119)
	at org.apache.catalina.core.ApplicationFilterChain.internalDoFilter(ApplicationFilterChain.java:189)
	at org.apache.catalina.core.ApplicationFilterChain.doFilter(ApplicationFilterChain.java:162)
	at org.springframework.web.filter.FormContentFilter.doFilterInternal(FormContentFilter.java:93)
	at org.springframework.web.filter.OncePerRequestFilter.doFilter(OncePerRequestFilter.java:119)
	at org.apache.catalina.core.ApplicationFilterChain.internalDoFilter(ApplicationFilterChain.java:189)
	at org.apache.catalina.core.ApplicationFilterChain.doFilter(ApplicationFilterChain.java:162)
	at org.springframework.web.filter.CharacterEncodingFilter.doFilterInternal(CharacterEncodingFilter.java:201)
	at org.springframework.web.filter.OncePerRequestFilter.doFilter(OncePerRequestFilter.java:119)
	at org.apache.catalina.core.ApplicationFilterChain.internalDoFilter(ApplicationFilterChain.java:189)
	at org.apache.catalina.core.ApplicationFilterChain.doFilter(ApplicationFilterChain.java:162)
	at org.apache.catalina.core.StandardWrapperValve.invoke(StandardWrapperValve.java:202)
	at org.apache.catalina.core.StandardContextValve.invoke(StandardContextValve.java:97)
	at org.apache.catalina.authenticator.AuthenticatorBase.invoke(AuthenticatorBase.java:542)
	at org.apache.catalina.core.StandardHostValve.invoke(StandardHostValve.java:143)
	at org.apache.catalina.valves.ErrorReportValve.invoke(ErrorReportValve.java:92)
	at org.apache.catalina.core.StandardEngineValve.invoke(StandardEngineValve.java:78)
	at org.apache.catalina.connector.CoyoteAdapter.service(CoyoteAdapter.java:357)
	at org.apache.coyote.http11.Http11Processor.service(Http11Processor.java:374)
	at org.apache.coyote.AbstractProcessorLight.process(AbstractProcessorLight.java:65)
	at org.apache.coyote.AbstractProtocol$ConnectionHandler.process(AbstractProtocol.java:893)
	at org.apache.tomcat.util.net.NioEndpoint$SocketProcessor.doRun(NioEndpoint.java:1707)
	at org.apache.tomcat.util.net.SocketProcessorBase.run(SocketProcessorBase.java:49)
	at java.base/java.util.concurrent.ThreadPoolExecutor.runWorker(ThreadPoolExecutor.java:1130)
	at java.base/java.util.concurrent.ThreadPoolExecutor$Worker.run(ThreadPoolExecutor.java:630)
	at org.apache.tomcat.util.threads.TaskThread$WrappingRunnable.run(TaskThread.java:61)
	at java.base/java.lang.Thread.run(Thread.java:831)
2021-07-26 17:51:00,809 ERROR c.d.c.JwtAuthEntryPoint:19 [http-nio-8080-exec-3] Unauthorized error. Message: UserDetailsService returned null, which is an interface contract violation
2021-07-26 17:56:11,074 ERROR c.d.c.JwtConfig:72 [http-nio-8080-exec-1] Expired JWT token -> Message: JWT expired at 2021-07-25T00:01:58Z. Current time: 2021-07-26T17:56:11Z, a difference of 150853073 milliseconds.  Allowed clock skew: 0 milliseconds.
2021-07-26 17:56:11,112 ERROR c.d.c.JwtAuthEntryPoint:19 [http-nio-8080-exec-1] Unauthorized error. Message: Full authentication is required to access this resource
2021-07-26 17:56:14,760 ERROR c.d.c.JwtConfig:72 [http-nio-8080-exec-6] Expired JWT token -> Message: JWT expired at 2021-07-25T00:01:58Z. Current time: 2021-07-26T17:56:14Z, a difference of 150856759 milliseconds.  Allowed clock skew: 0 milliseconds.
2021-07-26 17:56:14,761 ERROR c.d.c.JwtAuthEntryPoint:19 [http-nio-8080-exec-6] Unauthorized error. Message: Full authentication is required to access this resource
2021-07-26 17:56:16,551 ERROR c.d.c.JwtConfig:68 [http-nio-8080-exec-5] Invalid JWT signature -> Message: JWT signature does not match locally computed signature. JWT validity cannot be asserted and should not be trusted.
2021-07-26 18:06:19,418 ERROR c.d.c.JwtAuthEntryPoint:19 [http-nio-8080-exec-8] Unauthorized error. Message: Full authentication is required to access this resource
2021-07-26 20:35:52,507 ERROR c.d.c.JwtConfig:72 [http-nio-8080-exec-3] Expired JWT token -> Message: JWT expired at 2021-07-26T20:23:48Z. Current time: 2021-07-26T20:35:52Z, a difference of 724502 milliseconds.  Allowed clock skew: 0 milliseconds.
2021-07-26 20:35:52,545 ERROR c.d.c.JwtAuthEntryPoint:19 [http-nio-8080-exec-3] Unauthorized error. Message: Full authentication is required to access this resource
2021-07-26 20:39:28,122 ERROR c.d.c.JwtConfig:72 [http-nio-8080-exec-1] Expired JWT token -> Message: JWT expired at 2021-07-26T20:23:48Z. Current time: 2021-07-26T20:39:28Z, a difference of 940122 milliseconds.  Allowed clock skew: 0 milliseconds.
2021-07-26 20:39:28,123 ERROR c.d.c.JwtAuthEntryPoint:19 [http-nio-8080-exec-1] Unauthorized error. Message: Full authentication is required to access this resource
2021-07-26 20:40:15,032 ERROR c.d.c.JwtConfig:72 [http-nio-8080-exec-7] Expired JWT token -> Message: JWT expired at 2021-07-26T20:23:48Z. Current time: 2021-07-26T20:40:15Z, a difference of 987032 milliseconds.  Allowed clock skew: 0 milliseconds.
2021-07-26 20:40:15,033 ERROR c.d.c.JwtAuthEntryPoint:19 [http-nio-8080-exec-7] Unauthorized error. Message: Full authentication is required to access this resource
2021-07-26 21:08:11,224 ERROR c.d.c.JwtConfig:68 [http-nio-8080-exec-2] Invalid JWT signature -> Message: JWT signature does not match locally computed signature. JWT validity cannot be asserted and should not be trusted.
2021-07-26 21:14:52,158 ERROR c.d.c.JwtAuthEntryPoint:19 [http-nio-8080-exec-9] Unauthorized error. Message: Bad credentials
